{"C:\\Users\\patel\\OneDrive\\Documents\\GitHub\\Learning-Management-System\\public\\js\\script.js": {"path":"C:\\Users\\patel\\OneDrive\\Documents\\GitHub\\Learning-Management-System\\public\\js\\script.js","statementMap":{"0":{"start":{"line":2,"column":0},"end":{"line":2,"column":19}},"1":{"start":{"line":3,"column":0},"end":{"line":3,"column":18}},"2":{"start":{"line":4,"column":0},"end":{"line":4,"column":16}},"3":{"start":{"line":5,"column":0},"end":{"line":5,"column":15}},"4":{"start":{"line":8,"column":19},"end":{"line":8,"column":61}},"5":{"start":{"line":9,"column":15},"end":{"line":9,"column":36}},"6":{"start":{"line":10,"column":22},"end":{"line":10,"column":38}},"7":{"start":{"line":11,"column":4},"end":{"line":11,"column":48}},"8":{"start":{"line":12,"column":4},"end":{"line":12,"column":48}},"9":{"start":{"line":13,"column":4},"end":{"line":13,"column":37}},"10":{"start":{"line":14,"column":4},"end":{"line":14,"column":34}},"11":{"start":{"line":20,"column":21},"end":{"line":20,"column":66}},"12":{"start":{"line":21,"column":17},"end":{"line":21,"column":38}},"13":{"start":{"line":22,"column":4},"end":{"line":22,"column":21}},"14":{"start":{"line":23,"column":4},"end":{"line":23,"column":29}},"15":{"start":{"line":28,"column":16},"end":{"line":28,"column":59}},"16":{"start":{"line":29,"column":14},"end":{"line":29,"column":42}},"17":{"start":{"line":30,"column":17},"end":{"line":30,"column":45}},"18":{"start":{"line":31,"column":17},"end":{"line":31,"column":56}},"19":{"start":{"line":32,"column":4},"end":{"line":32,"column":31}},"20":{"start":{"line":33,"column":19},"end":{"line":33,"column":47}},"21":{"start":{"line":34,"column":19},"end":{"line":34,"column":65}},"22":{"start":{"line":35,"column":4},"end":{"line":35,"column":35}},"23":{"start":{"line":36,"column":19},"end":{"line":36,"column":47}},"24":{"start":{"line":37,"column":19},"end":{"line":37,"column":64}},"25":{"start":{"line":38,"column":4},"end":{"line":38,"column":35}},"26":{"start":{"line":39,"column":20},"end":{"line":39,"column":48}},"27":{"start":{"line":40,"column":20},"end":{"line":40,"column":62}},"28":{"start":{"line":41,"column":4},"end":{"line":41,"column":37}},"29":{"start":{"line":42,"column":4},"end":{"line":42,"column":27}},"30":{"start":{"line":43,"column":4},"end":{"line":43,"column":29}},"31":{"start":{"line":44,"column":4},"end":{"line":44,"column":29}},"32":{"start":{"line":45,"column":4},"end":{"line":45,"column":30}},"33":{"start":{"line":46,"column":4},"end":{"line":46,"column":26}},"34":{"start":{"line":47,"column":4},"end":{"line":47,"column":15}},"35":{"start":{"line":52,"column":4},"end":{"line":59,"column":7}},"36":{"start":{"line":53,"column":8},"end":{"line":55,"column":9}},"37":{"start":{"line":54,"column":12},"end":{"line":54,"column":39}},"38":{"start":{"line":56,"column":8},"end":{"line":58,"column":9}},"39":{"start":{"line":57,"column":12},"end":{"line":57,"column":40}},"40":{"start":{"line":64,"column":16},"end":{"line":64,"column":54}},"41":{"start":{"line":65,"column":14},"end":{"line":65,"column":42}},"42":{"start":{"line":66,"column":17},"end":{"line":66,"column":45}},"43":{"start":{"line":67,"column":17},"end":{"line":67,"column":51}},"44":{"start":{"line":68,"column":4},"end":{"line":68,"column":30}},"45":{"start":{"line":69,"column":19},"end":{"line":69,"column":47}},"46":{"start":{"line":70,"column":19},"end":{"line":70,"column":57}},"47":{"start":{"line":71,"column":4},"end":{"line":71,"column":35}},"48":{"start":{"line":72,"column":21},"end":{"line":72,"column":49}},"49":{"start":{"line":73,"column":21},"end":{"line":73,"column":64}},"50":{"start":{"line":74,"column":4},"end":{"line":74,"column":38}},"51":{"start":{"line":75,"column":19},"end":{"line":75,"column":47}},"52":{"start":{"line":76,"column":19},"end":{"line":76,"column":48}},"53":{"start":{"line":77,"column":4},"end":{"line":77,"column":35}},"54":{"start":{"line":78,"column":4},"end":{"line":78,"column":27}},"55":{"start":{"line":79,"column":4},"end":{"line":79,"column":29}},"56":{"start":{"line":80,"column":4},"end":{"line":80,"column":31}},"57":{"start":{"line":81,"column":4},"end":{"line":81,"column":29}},"58":{"start":{"line":82,"column":4},"end":{"line":82,"column":27}},"59":{"start":{"line":85,"column":0},"end":{"line":85,"column":28}}},"fnMap":{"0":{"name":"getSession","decl":{"start":{"line":7,"column":15},"end":{"line":7,"column":25}},"loc":{"start":{"line":7,"column":27},"end":{"line":15,"column":1}},"line":7},"1":{"name":"getCourse","decl":{"start":{"line":19,"column":15},"end":{"line":19,"column":24}},"loc":{"start":{"line":19,"column":27},"end":{"line":24,"column":1}},"line":19},"2":{"name":"populateInfoTable","decl":{"start":{"line":27,"column":9},"end":{"line":27,"column":26}},"loc":{"start":{"line":27,"column":39},"end":{"line":48,"column":1}},"line":27},"3":{"name":"populateCourseTable","decl":{"start":{"line":51,"column":9},"end":{"line":51,"column":28}},"loc":{"start":{"line":51,"column":37},"end":{"line":60,"column":1}},"line":51},"4":{"name":"(anonymous_4)","decl":{"start":{"line":52,"column":20},"end":{"line":52,"column":21}},"loc":{"start":{"line":52,"column":30},"end":{"line":59,"column":5}},"line":52},"5":{"name":"createRow","decl":{"start":{"line":63,"column":9},"end":{"line":63,"column":18}},"loc":{"start":{"line":63,"column":31},"end":{"line":83,"column":1}},"line":63}},"branchMap":{"0":{"loc":{"start":{"line":53,"column":8},"end":{"line":55,"column":9}},"type":"if","locations":[{"start":{"line":53,"column":8},"end":{"line":55,"column":9}},{"start":{},"end":{}}],"line":53},"1":{"loc":{"start":{"line":56,"column":8},"end":{"line":58,"column":9}},"type":"if","locations":[{"start":{"line":56,"column":8},"end":{"line":58,"column":9}},{"start":{},"end":{}}],"line":56}},"s":{"0":1,"1":1,"2":1,"3":1,"4":0,"5":0,"6":0,"7":0,"8":0,"9":0,"10":0,"11":1,"12":0,"13":0,"14":0,"15":0,"16":0,"17":0,"18":0,"19":0,"20":0,"21":0,"22":0,"23":0,"24":0,"25":0,"26":0,"27":0,"28":0,"29":0,"30":0,"31":0,"32":0,"33":0,"34":0,"35":0,"36":0,"37":0,"38":0,"39":0,"40":0,"41":0,"42":0,"43":0,"44":0,"45":0,"46":0,"47":0,"48":0,"49":0,"50":0,"51":0,"52":0,"53":0,"54":0,"55":0,"56":0,"57":0,"58":0,"59":1},"f":{"0":0,"1":1,"2":0,"3":0,"4":0,"5":0},"b":{"0":[0,0],"1":[0,0]},"_coverageSchema":"1a1c01bbd47fc00a2c39e90264f33305004495a9","hash":"190cc8885c03cc1aca650e74acfadbf4a4190780"}
}
